[2022-03-07 09:40:55] production.ERROR: No Database connection yet in VoyagerServiceProvider loadAuth()  
[2022-03-07 09:40:56] production.ERROR: SQLSTATE[HY000] [1040] Too many connections {"exception":"[object] (Doctrine\\DBAL\\Driver\\PDO\\Exception(code: 1040): SQLSTATE[HY000] [1040] Too many connections at /var/www/vhosts/topol.kz/httpdocs/vendor/doctrine/dbal/lib/Doctrine/DBAL/Driver/PDO/Exception.php:18)
[stacktrace]
#0 /var/www/vhosts/topol.kz/httpdocs/vendor/doctrine/dbal/lib/Doctrine/DBAL/Driver/PDOConnection.php(42): Doctrine\\DBAL\\Driver\\PDO\\Exception::new(Object(PDOException))
#1 /var/www/vhosts/topol.kz/httpdocs/vendor/laravel/framework/src/Illuminate/Database/Connectors/Connector.php(67): Doctrine\\DBAL\\Driver\\PDOConnection->__construct('mysql:host=srv-...', 'topolkz_dbusr', 'l@W4q92y', Array)
#2 /var/www/vhosts/topol.kz/httpdocs/vendor/laravel/framework/src/Illuminate/Database/Connectors/Connector.php(46): Illuminate\\Database\\Connectors\\Connector->createPdoConnection('mysql:host=srv-...', 'topolkz_dbusr', 'l@W4q92y', Array)
#3 /var/www/vhosts/topol.kz/httpdocs/vendor/laravel/framework/src/Illuminate/Database/Connectors/MySqlConnector.php(24): Illuminate\\Database\\Connectors\\Connector->createConnection('mysql:host=srv-...', Array, Array)
#4 /var/www/vhosts/topol.kz/httpdocs/vendor/laravel/framework/src/Illuminate/Database/Connectors/ConnectionFactory.php(184): Illuminate\\Database\\Connectors\\MySqlConnector->connect(Array)
#5 [internal function]: Illuminate\\Database\\Connectors\\ConnectionFactory->Illuminate\\Database\\Connectors\\{closure}()
#6 /var/www/vhosts/topol.kz/httpdocs/vendor/laravel/framework/src/Illuminate/Database/Connection.php(926): call_user_func(Object(Closure))
#7 /var/www/vhosts/topol.kz/httpdocs/vendor/laravel/framework/src/Illuminate/Database/Connection.php(908): Illuminate\\Database\\Connection->getPdo()
#8 /var/www/vhosts/topol.kz/httpdocs/vendor/larapack/doctrine-support/src/DoctrineSupportServiceProvider.php(55): Illuminate\\Database\\Connection->getDoctrineConnection()
#9 /var/www/vhosts/topol.kz/httpdocs/vendor/larapack/doctrine-support/src/DoctrineSupportServiceProvider.php(35): Larapack\\DoctrineSupport\\DoctrineSupportServiceProvider->addDoctrineTypes(Object(Larapack\\DoctrineSupport\\Connections\\MySqlConnection))
#10 /var/www/vhosts/topol.kz/httpdocs/vendor/laravel/framework/src/Illuminate/Database/Connectors/ConnectionFactory.php(273): Larapack\\DoctrineSupport\\DoctrineSupportServiceProvider->Larapack\\DoctrineSupport\\{closure}(Object(Larapack\\DoctrineSupport\\Connections\\MySqlConnection), 'topolkz_lvl', '', Array)
#11 /var/www/vhosts/topol.kz/httpdocs/vendor/laravel/framework/src/Illuminate/Database/Connectors/ConnectionFactory.php(76): Illuminate\\Database\\Connectors\\ConnectionFactory->createConnection('mysql', Object(Closure), 'topolkz_lvl', '', Array)
#12 /var/www/vhosts/topol.kz/httpdocs/vendor/laravel/framework/src/Illuminate/Database/Connectors/ConnectionFactory.php(50): Illuminate\\Database\\Connectors\\ConnectionFactory->createSingleConnection(Array)
#13 /var/www/vhosts/topol.kz/httpdocs/vendor/laravel/framework/src/Illuminate/Database/DatabaseManager.php(131): Illuminate\\Database\\Connectors\\ConnectionFactory->make(Array, 'mysql')
#14 /var/www/vhosts/topol.kz/httpdocs/vendor/laravel/framework/src/Illuminate/Database/DatabaseManager.php(86): Illuminate\\Database\\DatabaseManager->makeConnection('mysql')
#15 /var/www/vhosts/topol.kz/httpdocs/vendor/laravel/framework/src/Illuminate/Support/Facades/Schema.php(41): Illuminate\\Database\\DatabaseManager->connection()
#16 /var/www/vhosts/topol.kz/httpdocs/vendor/laravel/framework/src/Illuminate/Support/Facades/Facade.php(166): Illuminate\\Support\\Facades\\Schema::getFacadeAccessor()
#17 /var/www/vhosts/topol.kz/httpdocs/vendor/laravel/framework/src/Illuminate/Support/Facades/Facade.php(255): Illuminate\\Support\\Facades\\Facade::getFacadeRoot()
#18 /var/www/vhosts/topol.kz/httpdocs/app/Providers/AppServiceProvider.php(44): Illuminate\\Support\\Facades\\Facade::__callStatic('defaultStringLe...', Array)
#19 /var/www/vhosts/topol.kz/httpdocs/vendor/laravel/framework/src/Illuminate/Container/BoundMethod.php(36): App\\Providers\\AppServiceProvider->boot()
#20 /var/www/vhosts/topol.kz/httpdocs/vendor/laravel/framework/src/Illuminate/Container/Util.php(37): Illuminate\\Container\\BoundMethod::Illuminate\\Container\\{closure}()
#21 /var/www/vhosts/topol.kz/httpdocs/vendor/laravel/framework/src/Illuminate/Container/BoundMethod.php(93): Illuminate\\Container\\Util::unwrapIfClosure(Object(Closure))
#22 /var/www/vhosts/topol.kz/httpdocs/vendor/laravel/framework/src/Illuminate/Container/BoundMethod.php(37): Illuminate\\Container\\BoundMethod::callBoundMethod(Object(Illuminate\\Foundation\\Application), Array, Object(Closure))
#23 /var/www/vhosts/topol.kz/httpdocs/vendor/laravel/framework/src/Illuminate/Container/Container.php(596): Illuminate\\Container\\BoundMethod::call(Object(Illuminate\\Foundation\\Application), Array, Array, NULL)
#24 /var/www/vhosts/topol.kz/httpdocs/vendor/laravel/framework/src/Illuminate/Foundation/Application.php(867): Illuminate\\Container\\Container->call(Array)
#25 /var/www/vhosts/topol.kz/httpdocs/vendor/laravel/framework/src/Illuminate/Foundation/Application.php(850): Illuminate\\Foundation\\Application->bootProvider(Object(App\\Providers\\AppServiceProvider))
#26 [internal function]: Illuminate\\Foundation\\Application->Illuminate\\Foundation\\{closure}(Object(App\\Providers\\AppServiceProvider), 29)
#27 /var/www/vhosts/topol.kz/httpdocs/vendor/laravel/framework/src/Illuminate/Foundation/Application.php(851): array_walk(Array, Object(Closure))
#28 /var/www/vhosts/topol.kz/httpdocs/vendor/laravel/framework/src/Illuminate/Foundation/Bootstrap/BootProviders.php(17): Illuminate\\Foundation\\Application->boot()
#29 /var/www/vhosts/topol.kz/httpdocs/vendor/laravel/framework/src/Illuminate/Foundation/Application.php(230): Illuminate\\Foundation\\Bootstrap\\BootProviders->bootstrap(Object(Illuminate\\Foundation\\Application))
#30 /var/www/vhosts/topol.kz/httpdocs/vendor/laravel/framework/src/Illuminate/Foundation/Http/Kernel.php(151): Illuminate\\Foundation\\Application->bootstrapWith(Array)
#31 /var/www/vhosts/topol.kz/httpdocs/vendor/laravel/framework/src/Illuminate/Foundation/Http/Kernel.php(135): Illuminate\\Foundation\\Http\\Kernel->bootstrap()
#32 /var/www/vhosts/topol.kz/httpdocs/vendor/laravel/framework/src/Illuminate/Foundation/Http/Kernel.php(109): Illuminate\\Foundation\\Http\\Kernel->sendRequestThroughRouter(Object(Illuminate\\Http\\Request))
#33 /var/www/vhosts/topol.kz/httpdocs/public/index.php(55): Illuminate\\Foundation\\Http\\Kernel->handle(Object(Illuminate\\Http\\Request))
#34 {main}

[previous exception] [object] (PDOException(code: 1040): SQLSTATE[HY000] [1040] Too many connections at /var/www/vhosts/topol.kz/httpdocs/vendor/doctrine/dbal/lib/Doctrine/DBAL/Driver/PDOConnection.php:38)
[stacktrace]
#0 /var/www/vhosts/topol.kz/httpdocs/vendor/doctrine/dbal/lib/Doctrine/DBAL/Driver/PDOConnection.php(38): PDO->__construct('mysql:host=srv-...', 'topolkz_dbusr', 'l@W4q92y', Array)
#1 /var/www/vhosts/topol.kz/httpdocs/vendor/laravel/framework/src/Illuminate/Database/Connectors/Connector.php(67): Doctrine\\DBAL\\Driver\\PDOConnection->__construct('mysql:host=srv-...', 'topolkz_dbusr', 'l@W4q92y', Array)
#2 /var/www/vhosts/topol.kz/httpdocs/vendor/laravel/framework/src/Illuminate/Database/Connectors/Connector.php(46): Illuminate\\Database\\Connectors\\Connector->createPdoConnection('mysql:host=srv-...', 'topolkz_dbusr', 'l@W4q92y', Array)
#3 /var/www/vhosts/topol.kz/httpdocs/vendor/laravel/framework/src/Illuminate/Database/Connectors/MySqlConnector.php(24): Illuminate\\Database\\Connectors\\Connector->createConnection('mysql:host=srv-...', Array, Array)
#4 /var/www/vhosts/topol.kz/httpdocs/vendor/laravel/framework/src/Illuminate/Database/Connectors/ConnectionFactory.php(184): Illuminate\\Database\\Connectors\\MySqlConnector->connect(Array)
#5 [internal function]: Illuminate\\Database\\Connectors\\ConnectionFactory->Illuminate\\Database\\Connectors\\{closure}()
#6 /var/www/vhosts/topol.kz/httpdocs/vendor/laravel/framework/src/Illuminate/Database/Connection.php(926): call_user_func(Object(Closure))
#7 /var/www/vhosts/topol.kz/httpdocs/vendor/laravel/framework/src/Illuminate/Database/Connection.php(908): Illuminate\\Database\\Connection->getPdo()
#8 /var/www/vhosts/topol.kz/httpdocs/vendor/larapack/doctrine-support/src/DoctrineSupportServiceProvider.php(55): Illuminate\\Database\\Connection->getDoctrineConnection()
#9 /var/www/vhosts/topol.kz/httpdocs/vendor/larapack/doctrine-support/src/DoctrineSupportServiceProvider.php(35): Larapack\\DoctrineSupport\\DoctrineSupportServiceProvider->addDoctrineTypes(Object(Larapack\\DoctrineSupport\\Connections\\MySqlConnection))
#10 /var/www/vhosts/topol.kz/httpdocs/vendor/laravel/framework/src/Illuminate/Database/Connectors/ConnectionFactory.php(273): Larapack\\DoctrineSupport\\DoctrineSupportServiceProvider->Larapack\\DoctrineSupport\\{closure}(Object(Larapack\\DoctrineSupport\\Connections\\MySqlConnection), 'topolkz_lvl', '', Array)
#11 /var/www/vhosts/topol.kz/httpdocs/vendor/laravel/framework/src/Illuminate/Database/Connectors/ConnectionFactory.php(76): Illuminate\\Database\\Connectors\\ConnectionFactory->createConnection('mysql', Object(Closure), 'topolkz_lvl', '', Array)
#12 /var/www/vhosts/topol.kz/httpdocs/vendor/laravel/framework/src/Illuminate/Database/Connectors/ConnectionFactory.php(50): Illuminate\\Database\\Connectors\\ConnectionFactory->createSingleConnection(Array)
#13 /var/www/vhosts/topol.kz/httpdocs/vendor/laravel/framework/src/Illuminate/Database/DatabaseManager.php(131): Illuminate\\Database\\Connectors\\ConnectionFactory->make(Array, 'mysql')
#14 /var/www/vhosts/topol.kz/httpdocs/vendor/laravel/framework/src/Illuminate/Database/DatabaseManager.php(86): Illuminate\\Database\\DatabaseManager->makeConnection('mysql')
#15 /var/www/vhosts/topol.kz/httpdocs/vendor/laravel/framework/src/Illuminate/Support/Facades/Schema.php(41): Illuminate\\Database\\DatabaseManager->connection()
#16 /var/www/vhosts/topol.kz/httpdocs/vendor/laravel/framework/src/Illuminate/Support/Facades/Facade.php(166): Illuminate\\Support\\Facades\\Schema::getFacadeAccessor()
#17 /var/www/vhosts/topol.kz/httpdocs/vendor/laravel/framework/src/Illuminate/Support/Facades/Facade.php(255): Illuminate\\Support\\Facades\\Facade::getFacadeRoot()
#18 /var/www/vhosts/topol.kz/httpdocs/app/Providers/AppServiceProvider.php(44): Illuminate\\Support\\Facades\\Facade::__callStatic('defaultStringLe...', Array)
#19 /var/www/vhosts/topol.kz/httpdocs/vendor/laravel/framework/src/Illuminate/Container/BoundMethod.php(36): App\\Providers\\AppServiceProvider->boot()
#20 /var/www/vhosts/topol.kz/httpdocs/vendor/laravel/framework/src/Illuminate/Container/Util.php(37): Illuminate\\Container\\BoundMethod::Illuminate\\Container\\{closure}()
#21 /var/www/vhosts/topol.kz/httpdocs/vendor/laravel/framework/src/Illuminate/Container/BoundMethod.php(93): Illuminate\\Container\\Util::unwrapIfClosure(Object(Closure))
#22 /var/www/vhosts/topol.kz/httpdocs/vendor/laravel/framework/src/Illuminate/Container/BoundMethod.php(37): Illuminate\\Container\\BoundMethod::callBoundMethod(Object(Illuminate\\Foundation\\Application), Array, Object(Closure))
#23 /var/www/vhosts/topol.kz/httpdocs/vendor/laravel/framework/src/Illuminate/Container/Container.php(596): Illuminate\\Container\\BoundMethod::call(Object(Illuminate\\Foundation\\Application), Array, Array, NULL)
#24 /var/www/vhosts/topol.kz/httpdocs/vendor/laravel/framework/src/Illuminate/Foundation/Application.php(867): Illuminate\\Container\\Container->call(Array)
#25 /var/www/vhosts/topol.kz/httpdocs/vendor/laravel/framework/src/Illuminate/Foundation/Application.php(850): Illuminate\\Foundation\\Application->bootProvider(Object(App\\Providers\\AppServiceProvider))
#26 [internal function]: Illuminate\\Foundation\\Application->Illuminate\\Foundation\\{closure}(Object(App\\Providers\\AppServiceProvider), 29)
#27 /var/www/vhosts/topol.kz/httpdocs/vendor/laravel/framework/src/Illuminate/Foundation/Application.php(851): array_walk(Array, Object(Closure))
#28 /var/www/vhosts/topol.kz/httpdocs/vendor/laravel/framework/src/Illuminate/Foundation/Bootstrap/BootProviders.php(17): Illuminate\\Foundation\\Application->boot()
#29 /var/www/vhosts/topol.kz/httpdocs/vendor/laravel/framework/src/Illuminate/Foundation/Application.php(230): Illuminate\\Foundation\\Bootstrap\\BootProviders->bootstrap(Object(Illuminate\\Foundation\\Application))
#30 /var/www/vhosts/topol.kz/httpdocs/vendor/laravel/framework/src/Illuminate/Foundation/Http/Kernel.php(151): Illuminate\\Foundation\\Application->bootstrapWith(Array)
#31 /var/www/vhosts/topol.kz/httpdocs/vendor/laravel/framework/src/Illuminate/Foundation/Http/Kernel.php(135): Illuminate\\Foundation\\Http\\Kernel->bootstrap()
#32 /var/www/vhosts/topol.kz/httpdocs/vendor/laravel/framework/src/Illuminate/Foundation/Http/Kernel.php(109): Illuminate\\Foundation\\Http\\Kernel->sendRequestThroughRouter(Object(Illuminate\\Http\\Request))
#33 /var/www/vhosts/topol.kz/httpdocs/public/index.php(55): Illuminate\\Foundation\\Http\\Kernel->handle(Object(Illuminate\\Http\\Request))
#34 {main}
"} 
[2022-03-07 09:41:06] production.ERROR: No Database connection yet in VoyagerServiceProvider loadAuth()  
[2022-03-07 09:41:06] production.ERROR: SQLSTATE[HY000] [2006] MySQL server has gone away {"exception":"[object] (Doctrine\\DBAL\\Driver\\PDO\\Exception(code: 2006): SQLSTATE[HY000] [2006] MySQL server has gone away at /var/www/vhosts/topol.kz/httpdocs/vendor/doctrine/dbal/lib/Doctrine/DBAL/Driver/PDO/Exception.php:18)
[stacktrace]
#0 /var/www/vhosts/topol.kz/httpdocs/vendor/doctrine/dbal/lib/Doctrine/DBAL/Driver/PDOConnection.php(42): Doctrine\\DBAL\\Driver\\PDO\\Exception::new(Object(PDOException))
#1 /var/www/vhosts/topol.kz/httpdocs/vendor/laravel/framework/src/Illuminate/Database/Connectors/Connector.php(67): Doctrine\\DBAL\\Driver\\PDOConnection->__construct('mysql:host=srv-...', 'topolkz_dbusr', 'l@W4q92y', Array)
#2 /var/www/vhosts/topol.kz/httpdocs/vendor/laravel/framework/src/Illuminate/Database/Connectors/Connector.php(100): Illuminate\\Database\\Connectors\\Connector->createPdoConnection('mysql:host=srv-...', 'topolkz_dbusr', 'l@W4q92y', Array)
#3 /var/www/vhosts/topol.kz/httpdocs/vendor/laravel/framework/src/Illuminate/Database/Connectors/Connector.php(50): Illuminate\\Database\\Connectors\\Connector->tryAgainIfCausedByLostConnection(Object(Doctrine\\DBAL\\Driver\\PDO\\Exception), 'mysql:host=srv-...', 'topolkz_dbusr', 'l@W4q92y', Array)
#4 /var/www/vhosts/topol.kz/httpdocs/vendor/laravel/framework/src/Illuminate/Database/Connectors/MySqlConnector.php(24): Illuminate\\Database\\Connectors\\Connector->createConnection('mysql:host=srv-...', Array, Array)
#5 /var/www/vhosts/topol.kz/httpdocs/vendor/laravel/framework/src/Illuminate/Database/Connectors/ConnectionFactory.php(184): Illuminate\\Database\\Connectors\\MySqlConnector->connect(Array)
#6 [internal function]: Illuminate\\Database\\Connectors\\ConnectionFactory->Illuminate\\Database\\Connectors\\{closure}()
#7 /var/www/vhosts/topol.kz/httpdocs/vendor/laravel/framework/src/Illuminate/Database/Connection.php(926): call_user_func(Object(Closure))
#8 /var/www/vhosts/topol.kz/httpdocs/vendor/laravel/framework/src/Illuminate/Database/Connection.php(908): Illuminate\\Database\\Connection->getPdo()
#9 /var/www/vhosts/topol.kz/httpdocs/vendor/larapack/doctrine-support/src/DoctrineSupportServiceProvider.php(55): Illuminate\\Database\\Connection->getDoctrineConnection()
#10 /var/www/vhosts/topol.kz/httpdocs/vendor/larapack/doctrine-support/src/DoctrineSupportServiceProvider.php(35): Larapack\\DoctrineSupport\\DoctrineSupportServiceProvider->addDoctrineTypes(Object(Larapack\\DoctrineSupport\\Connections\\MySqlConnection))
#11 /var/www/vhosts/topol.kz/httpdocs/vendor/laravel/framework/src/Illuminate/Database/Connectors/ConnectionFactory.php(273): Larapack\\DoctrineSupport\\DoctrineSupportServiceProvider->Larapack\\DoctrineSupport\\{closure}(Object(Larapack\\DoctrineSupport\\Connections\\MySqlConnection), 'topolkz_lvl', '', Array)
#12 /var/www/vhosts/topol.kz/httpdocs/vendor/laravel/framework/src/Illuminate/Database/Connectors/ConnectionFactory.php(76): Illuminate\\Database\\Connectors\\ConnectionFactory->createConnection('mysql', Object(Closure), 'topolkz_lvl', '', Array)
#13 /var/www/vhosts/topol.kz/httpdocs/vendor/laravel/framework/src/Illuminate/Database/Connectors/ConnectionFactory.php(50): Illuminate\\Database\\Connectors\\ConnectionFactory->createSingleConnection(Array)
#14 /var/www/vhosts/topol.kz/httpdocs/vendor/laravel/framework/src/Illuminate/Database/DatabaseManager.php(131): Illuminate\\Database\\Connectors\\ConnectionFactory->make(Array, 'mysql')
#15 /var/www/vhosts/topol.kz/httpdocs/vendor/laravel/framework/src/Illuminate/Database/DatabaseManager.php(86): Illuminate\\Database\\DatabaseManager->makeConnection('mysql')
#16 /var/www/vhosts/topol.kz/httpdocs/vendor/laravel/framework/src/Illuminate/Support/Facades/Schema.php(41): Illuminate\\Database\\DatabaseManager->connection()
#17 /var/www/vhosts/topol.kz/httpdocs/vendor/laravel/framework/src/Illuminate/Support/Facades/Facade.php(166): Illuminate\\Support\\Facades\\Schema::getFacadeAccessor()
#18 /var/www/vhosts/topol.kz/httpdocs/vendor/laravel/framework/src/Illuminate/Support/Facades/Facade.php(255): Illuminate\\Support\\Facades\\Facade::getFacadeRoot()
#19 /var/www/vhosts/topol.kz/httpdocs/app/Providers/AppServiceProvider.php(44): Illuminate\\Support\\Facades\\Facade::__callStatic('defaultStringLe...', Array)
#20 /var/www/vhosts/topol.kz/httpdocs/vendor/laravel/framework/src/Illuminate/Container/BoundMethod.php(36): App\\Providers\\AppServiceProvider->boot()
#21 /var/www/vhosts/topol.kz/httpdocs/vendor/laravel/framework/src/Illuminate/Container/Util.php(37): Illuminate\\Container\\BoundMethod::Illuminate\\Container\\{closure}()
#22 /var/www/vhosts/topol.kz/httpdocs/vendor/laravel/framework/src/Illuminate/Container/BoundMethod.php(93): Illuminate\\Container\\Util::unwrapIfClosure(Object(Closure))
#23 /var/www/vhosts/topol.kz/httpdocs/vendor/laravel/framework/src/Illuminate/Container/BoundMethod.php(37): Illuminate\\Container\\BoundMethod::callBoundMethod(Object(Illuminate\\Foundation\\Application), Array, Object(Closure))
#24 /var/www/vhosts/topol.kz/httpdocs/vendor/laravel/framework/src/Illuminate/Container/Container.php(596): Illuminate\\Container\\BoundMethod::call(Object(Illuminate\\Foundation\\Application), Array, Array, NULL)
#25 /var/www/vhosts/topol.kz/httpdocs/vendor/laravel/framework/src/Illuminate/Foundation/Application.php(867): Illuminate\\Container\\Container->call(Array)
#26 /var/www/vhosts/topol.kz/httpdocs/vendor/laravel/framework/src/Illuminate/Foundation/Application.php(850): Illuminate\\Foundation\\Application->bootProvider(Object(App\\Providers\\AppServiceProvider))
#27 [internal function]: Illuminate\\Foundation\\Application->Illuminate\\Foundation\\{closure}(Object(App\\Providers\\AppServiceProvider), 29)
#28 /var/www/vhosts/topol.kz/httpdocs/vendor/laravel/framework/src/Illuminate/Foundation/Application.php(851): array_walk(Array, Object(Closure))
#29 /var/www/vhosts/topol.kz/httpdocs/vendor/laravel/framework/src/Illuminate/Foundation/Bootstrap/BootProviders.php(17): Illuminate\\Foundation\\Application->boot()
#30 /var/www/vhosts/topol.kz/httpdocs/vendor/laravel/framework/src/Illuminate/Foundation/Application.php(230): Illuminate\\Foundation\\Bootstrap\\BootProviders->bootstrap(Object(Illuminate\\Foundation\\Application))
#31 /var/www/vhosts/topol.kz/httpdocs/vendor/laravel/framework/src/Illuminate/Foundation/Http/Kernel.php(151): Illuminate\\Foundation\\Application->bootstrapWith(Array)
#32 /var/www/vhosts/topol.kz/httpdocs/vendor/laravel/framework/src/Illuminate/Foundation/Http/Kernel.php(135): Illuminate\\Foundation\\Http\\Kernel->bootstrap()
#33 /var/www/vhosts/topol.kz/httpdocs/vendor/laravel/framework/src/Illuminate/Foundation/Http/Kernel.php(109): Illuminate\\Foundation\\Http\\Kernel->sendRequestThroughRouter(Object(Illuminate\\Http\\Request))
#34 /var/www/vhosts/topol.kz/httpdocs/public/index.php(55): Illuminate\\Foundation\\Http\\Kernel->handle(Object(Illuminate\\Http\\Request))
#35 {main}

[previous exception] [object] (PDOException(code: 2006): SQLSTATE[HY000] [2006] MySQL server has gone away at /var/www/vhosts/topol.kz/httpdocs/vendor/doctrine/dbal/lib/Doctrine/DBAL/Driver/PDOConnection.php:38)
[stacktrace]
#0 /var/www/vhosts/topol.kz/httpdocs/vendor/doctrine/dbal/lib/Doctrine/DBAL/Driver/PDOConnection.php(38): PDO->__construct('mysql:host=srv-...', 'topolkz_dbusr', 'l@W4q92y', Array)
#1 /var/www/vhosts/topol.kz/httpdocs/vendor/laravel/framework/src/Illuminate/Database/Connectors/Connector.php(67): Doctrine\\DBAL\\Driver\\PDOConnection->__construct('mysql:host=srv-...', 'topolkz_dbusr', 'l@W4q92y', Array)
#2 /var/www/vhosts/topol.kz/httpdocs/vendor/laravel/framework/src/Illuminate/Database/Connectors/Connector.php(100): Illuminate\\Database\\Connectors\\Connector->createPdoConnection('mysql:host=srv-...', 'topolkz_dbusr', 'l@W4q92y', Array)
#3 /var/www/vhosts/topol.kz/httpdocs/vendor/laravel/framework/src/Illuminate/Database/Connectors/Connector.php(50): Illuminate\\Database\\Connectors\\Connector->tryAgainIfCausedByLostConnection(Object(Doctrine\\DBAL\\Driver\\PDO\\Exception), 'mysql:host=srv-...', 'topolkz_dbusr', 'l@W4q92y', Array)
#4 /var/www/vhosts/topol.kz/httpdocs/vendor/laravel/framework/src/Illuminate/Database/Connectors/MySqlConnector.php(24): Illuminate\\Database\\Connectors\\Connector->createConnection('mysql:host=srv-...', Array, Array)
#5 /var/www/vhosts/topol.kz/httpdocs/vendor/laravel/framework/src/Illuminate/Database/Connectors/ConnectionFactory.php(184): Illuminate\\Database\\Connectors\\MySqlConnector->connect(Array)
#6 [internal function]: Illuminate\\Database\\Connectors\\ConnectionFactory->Illuminate\\Database\\Connectors\\{closure}()
#7 /var/www/vhosts/topol.kz/httpdocs/vendor/laravel/framework/src/Illuminate/Database/Connection.php(926): call_user_func(Object(Closure))
#8 /var/www/vhosts/topol.kz/httpdocs/vendor/laravel/framework/src/Illuminate/Database/Connection.php(908): Illuminate\\Database\\Connection->getPdo()
#9 /var/www/vhosts/topol.kz/httpdocs/vendor/larapack/doctrine-support/src/DoctrineSupportServiceProvider.php(55): Illuminate\\Database\\Connection->getDoctrineConnection()
#10 /var/www/vhosts/topol.kz/httpdocs/vendor/larapack/doctrine-support/src/DoctrineSupportServiceProvider.php(35): Larapack\\DoctrineSupport\\DoctrineSupportServiceProvider->addDoctrineTypes(Object(Larapack\\DoctrineSupport\\Connections\\MySqlConnection))
#11 /var/www/vhosts/topol.kz/httpdocs/vendor/laravel/framework/src/Illuminate/Database/Connectors/ConnectionFactory.php(273): Larapack\\DoctrineSupport\\DoctrineSupportServiceProvider->Larapack\\DoctrineSupport\\{closure}(Object(Larapack\\DoctrineSupport\\Connections\\MySqlConnection), 'topolkz_lvl', '', Array)
#12 /var/www/vhosts/topol.kz/httpdocs/vendor/laravel/framework/src/Illuminate/Database/Connectors/ConnectionFactory.php(76): Illuminate\\Database\\Connectors\\ConnectionFactory->createConnection('mysql', Object(Closure), 'topolkz_lvl', '', Array)
#13 /var/www/vhosts/topol.kz/httpdocs/vendor/laravel/framework/src/Illuminate/Database/Connectors/ConnectionFactory.php(50): Illuminate\\Database\\Connectors\\ConnectionFactory->createSingleConnection(Array)
#14 /var/www/vhosts/topol.kz/httpdocs/vendor/laravel/framework/src/Illuminate/Database/DatabaseManager.php(131): Illuminate\\Database\\Connectors\\ConnectionFactory->make(Array, 'mysql')
#15 /var/www/vhosts/topol.kz/httpdocs/vendor/laravel/framework/src/Illuminate/Database/DatabaseManager.php(86): Illuminate\\Database\\DatabaseManager->makeConnection('mysql')
#16 /var/www/vhosts/topol.kz/httpdocs/vendor/laravel/framework/src/Illuminate/Support/Facades/Schema.php(41): Illuminate\\Database\\DatabaseManager->connection()
#17 /var/www/vhosts/topol.kz/httpdocs/vendor/laravel/framework/src/Illuminate/Support/Facades/Facade.php(166): Illuminate\\Support\\Facades\\Schema::getFacadeAccessor()
#18 /var/www/vhosts/topol.kz/httpdocs/vendor/laravel/framework/src/Illuminate/Support/Facades/Facade.php(255): Illuminate\\Support\\Facades\\Facade::getFacadeRoot()
#19 /var/www/vhosts/topol.kz/httpdocs/app/Providers/AppServiceProvider.php(44): Illuminate\\Support\\Facades\\Facade::__callStatic('defaultStringLe...', Array)
#20 /var/www/vhosts/topol.kz/httpdocs/vendor/laravel/framework/src/Illuminate/Container/BoundMethod.php(36): App\\Providers\\AppServiceProvider->boot()
#21 /var/www/vhosts/topol.kz/httpdocs/vendor/laravel/framework/src/Illuminate/Container/Util.php(37): Illuminate\\Container\\BoundMethod::Illuminate\\Container\\{closure}()
#22 /var/www/vhosts/topol.kz/httpdocs/vendor/laravel/framework/src/Illuminate/Container/BoundMethod.php(93): Illuminate\\Container\\Util::unwrapIfClosure(Object(Closure))
#23 /var/www/vhosts/topol.kz/httpdocs/vendor/laravel/framework/src/Illuminate/Container/BoundMethod.php(37): Illuminate\\Container\\BoundMethod::callBoundMethod(Object(Illuminate\\Foundation\\Application), Array, Object(Closure))
#24 /var/www/vhosts/topol.kz/httpdocs/vendor/laravel/framework/src/Illuminate/Container/Container.php(596): Illuminate\\Container\\BoundMethod::call(Object(Illuminate\\Foundation\\Application), Array, Array, NULL)
#25 /var/www/vhosts/topol.kz/httpdocs/vendor/laravel/framework/src/Illuminate/Foundation/Application.php(867): Illuminate\\Container\\Container->call(Array)
#26 /var/www/vhosts/topol.kz/httpdocs/vendor/laravel/framework/src/Illuminate/Foundation/Application.php(850): Illuminate\\Foundation\\Application->bootProvider(Object(App\\Providers\\AppServiceProvider))
#27 [internal function]: Illuminate\\Foundation\\Application->Illuminate\\Foundation\\{closure}(Object(App\\Providers\\AppServiceProvider), 29)
#28 /var/www/vhosts/topol.kz/httpdocs/vendor/laravel/framework/src/Illuminate/Foundation/Application.php(851): array_walk(Array, Object(Closure))
#29 /var/www/vhosts/topol.kz/httpdocs/vendor/laravel/framework/src/Illuminate/Foundation/Bootstrap/BootProviders.php(17): Illuminate\\Foundation\\Application->boot()
#30 /var/www/vhosts/topol.kz/httpdocs/vendor/laravel/framework/src/Illuminate/Foundation/Application.php(230): Illuminate\\Foundation\\Bootstrap\\BootProviders->bootstrap(Object(Illuminate\\Foundation\\Application))
#31 /var/www/vhosts/topol.kz/httpdocs/vendor/laravel/framework/src/Illuminate/Foundation/Http/Kernel.php(151): Illuminate\\Foundation\\Application->bootstrapWith(Array)
#32 /var/www/vhosts/topol.kz/httpdocs/vendor/laravel/framework/src/Illuminate/Foundation/Http/Kernel.php(135): Illuminate\\Foundation\\Http\\Kernel->bootstrap()
#33 /var/www/vhosts/topol.kz/httpdocs/vendor/laravel/framework/src/Illuminate/Foundation/Http/Kernel.php(109): Illuminate\\Foundation\\Http\\Kernel->sendRequestThroughRouter(Object(Illuminate\\Http\\Request))
#34 /var/www/vhosts/topol.kz/httpdocs/public/index.php(55): Illuminate\\Foundation\\Http\\Kernel->handle(Object(Illuminate\\Http\\Request))
#35 {main}

[previous exception] [object] (PDOException(code: 0): Packets out of order. Expected 0 received 1. Packet size=23 at /var/www/vhosts/topol.kz/httpdocs/vendor/doctrine/dbal/lib/Doctrine/DBAL/Driver/PDOConnection.php:38)
[stacktrace]
#0 /var/www/vhosts/topol.kz/httpdocs/vendor/doctrine/dbal/lib/Doctrine/DBAL/Driver/PDOConnection.php(38): PDO->__construct('mysql:host=srv-...', 'topolkz_dbusr', 'l@W4q92y', Array)
#1 /var/www/vhosts/topol.kz/httpdocs/vendor/laravel/framework/src/Illuminate/Database/Connectors/Connector.php(67): Doctrine\\DBAL\\Driver\\PDOConnection->__construct('mysql:host=srv-...', 'topolkz_dbusr', 'l@W4q92y', Array)
#2 /var/www/vhosts/topol.kz/httpdocs/vendor/laravel/framework/src/Illuminate/Database/Connectors/Connector.php(100): Illuminate\\Database\\Connectors\\Connector->createPdoConnection('mysql:host=srv-...', 'topolkz_dbusr', 'l@W4q92y', Array)
#3 /var/www/vhosts/topol.kz/httpdocs/vendor/laravel/framework/src/Illuminate/Database/Connectors/Connector.php(50): Illuminate\\Database\\Connectors\\Connector->tryAgainIfCausedByLostConnection(Object(Doctrine\\DBAL\\Driver\\PDO\\Exception), 'mysql:host=srv-...', 'topolkz_dbusr', 'l@W4q92y', Array)
#4 /var/www/vhosts/topol.kz/httpdocs/vendor/laravel/framework/src/Illuminate/Database/Connectors/MySqlConnector.php(24): Illuminate\\Database\\Connectors\\Connector->createConnection('mysql:host=srv-...', Array, Array)
#5 /var/www/vhosts/topol.kz/httpdocs/vendor/laravel/framework/src/Illuminate/Database/Connectors/ConnectionFactory.php(184): Illuminate\\Database\\Connectors\\MySqlConnector->connect(Array)
#6 [internal function]: Illuminate\\Database\\Connectors\\ConnectionFactory->Illuminate\\Database\\Connectors\\{closure}()
#7 /var/www/vhosts/topol.kz/httpdocs/vendor/laravel/framework/src/Illuminate/Database/Connection.php(926): call_user_func(Object(Closure))
#8 /var/www/vhosts/topol.kz/httpdocs/vendor/laravel/framework/src/Illuminate/Database/Connection.php(908): Illuminate\\Database\\Connection->getPdo()
#9 /var/www/vhosts/topol.kz/httpdocs/vendor/larapack/doctrine-support/src/DoctrineSupportServiceProvider.php(55): Illuminate\\Database\\Connection->getDoctrineConnection()
#10 /var/www/vhosts/topol.kz/httpdocs/vendor/larapack/doctrine-support/src/DoctrineSupportServiceProvider.php(35): Larapack\\DoctrineSupport\\DoctrineSupportServiceProvider->addDoctrineTypes(Object(Larapack\\DoctrineSupport\\Connections\\MySqlConnection))
#11 /var/www/vhosts/topol.kz/httpdocs/vendor/laravel/framework/src/Illuminate/Database/Connectors/ConnectionFactory.php(273): Larapack\\DoctrineSupport\\DoctrineSupportServiceProvider->Larapack\\DoctrineSupport\\{closure}(Object(Larapack\\DoctrineSupport\\Connections\\MySqlConnection), 'topolkz_lvl', '', Array)
#12 /var/www/vhosts/topol.kz/httpdocs/vendor/laravel/framework/src/Illuminate/Database/Connectors/ConnectionFactory.php(76): Illuminate\\Database\\Connectors\\ConnectionFactory->createConnection('mysql', Object(Closure), 'topolkz_lvl', '', Array)
#13 /var/www/vhosts/topol.kz/httpdocs/vendor/laravel/framework/src/Illuminate/Database/Connectors/ConnectionFactory.php(50): Illuminate\\Database\\Connectors\\ConnectionFactory->createSingleConnection(Array)
#14 /var/www/vhosts/topol.kz/httpdocs/vendor/laravel/framework/src/Illuminate/Database/DatabaseManager.php(131): Illuminate\\Database\\Connectors\\ConnectionFactory->make(Array, 'mysql')
#15 /var/www/vhosts/topol.kz/httpdocs/vendor/laravel/framework/src/Illuminate/Database/DatabaseManager.php(86): Illuminate\\Database\\DatabaseManager->makeConnection('mysql')
#16 /var/www/vhosts/topol.kz/httpdocs/vendor/laravel/framework/src/Illuminate/Support/Facades/Schema.php(41): Illuminate\\Database\\DatabaseManager->connection()
#17 /var/www/vhosts/topol.kz/httpdocs/vendor/laravel/framework/src/Illuminate/Support/Facades/Facade.php(166): Illuminate\\Support\\Facades\\Schema::getFacadeAccessor()
#18 /var/www/vhosts/topol.kz/httpdocs/vendor/laravel/framework/src/Illuminate/Support/Facades/Facade.php(255): Illuminate\\Support\\Facades\\Facade::getFacadeRoot()
#19 /var/www/vhosts/topol.kz/httpdocs/app/Providers/AppServiceProvider.php(44): Illuminate\\Support\\Facades\\Facade::__callStatic('defaultStringLe...', Array)
#20 /var/www/vhosts/topol.kz/httpdocs/vendor/laravel/framework/src/Illuminate/Container/BoundMethod.php(36): App\\Providers\\AppServiceProvider->boot()
#21 /var/www/vhosts/topol.kz/httpdocs/vendor/laravel/framework/src/Illuminate/Container/Util.php(37): Illuminate\\Container\\BoundMethod::Illuminate\\Container\\{closure}()
#22 /var/www/vhosts/topol.kz/httpdocs/vendor/laravel/framework/src/Illuminate/Container/BoundMethod.php(93): Illuminate\\Container\\Util::unwrapIfClosure(Object(Closure))
#23 /var/www/vhosts/topol.kz/httpdocs/vendor/laravel/framework/src/Illuminate/Container/BoundMethod.php(37): Illuminate\\Container\\BoundMethod::callBoundMethod(Object(Illuminate\\Foundation\\Application), Array, Object(Closure))
#24 /var/www/vhosts/topol.kz/httpdocs/vendor/laravel/framework/src/Illuminate/Container/Container.php(596): Illuminate\\Container\\BoundMethod::call(Object(Illuminate\\Foundation\\Application), Array, Array, NULL)
#25 /var/www/vhosts/topol.kz/httpdocs/vendor/laravel/framework/src/Illuminate/Foundation/Application.php(867): Illuminate\\Container\\Container->call(Array)
#26 /var/www/vhosts/topol.kz/httpdocs/vendor/laravel/framework/src/Illuminate/Foundation/Application.php(850): Illuminate\\Foundation\\Application->bootProvider(Object(App\\Providers\\AppServiceProvider))
#27 [internal function]: Illuminate\\Foundation\\Application->Illuminate\\Foundation\\{closure}(Object(App\\Providers\\AppServiceProvider), 29)
#28 /var/www/vhosts/topol.kz/httpdocs/vendor/laravel/framework/src/Illuminate/Foundation/Application.php(851): array_walk(Array, Object(Closure))
#29 /var/www/vhosts/topol.kz/httpdocs/vendor/laravel/framework/src/Illuminate/Foundation/Bootstrap/BootProviders.php(17): Illuminate\\Foundation\\Application->boot()
#30 /var/www/vhosts/topol.kz/httpdocs/vendor/laravel/framework/src/Illuminate/Foundation/Application.php(230): Illuminate\\Foundation\\Bootstrap\\BootProviders->bootstrap(Object(Illuminate\\Foundation\\Application))
#31 /var/www/vhosts/topol.kz/httpdocs/vendor/laravel/framework/src/Illuminate/Foundation/Http/Kernel.php(151): Illuminate\\Foundation\\Application->bootstrapWith(Array)
#32 /var/www/vhosts/topol.kz/httpdocs/vendor/laravel/framework/src/Illuminate/Foundation/Http/Kernel.php(135): Illuminate\\Foundation\\Http\\Kernel->bootstrap()
#33 /var/www/vhosts/topol.kz/httpdocs/vendor/laravel/framework/src/Illuminate/Foundation/Http/Kernel.php(109): Illuminate\\Foundation\\Http\\Kernel->sendRequestThroughRouter(Object(Illuminate\\Http\\Request))
#34 /var/www/vhosts/topol.kz/httpdocs/public/index.php(55): Illuminate\\Foundation\\Http\\Kernel->handle(Object(Illuminate\\Http\\Request))
#35 {main}
"} 
